<?xml version="1.0" encoding="UTF-8"?>
<!-- Generated by org.testng.reporters.JUnitXMLReporter -->
<testsuite ignored="0" hostname="DESKTOP-G7T236P" failures="0" tests="8" name="Test" time="69.622" errors="0" timestamp="2025-01-02T13:58:05 IST">
  <testcase classname="Tests.AdminLoginTest" name="adminLogin" time="5.729"/>
  <testcase classname="Tests.AdminLoginTest" name="navigateToJobsPage" time="0.189"/>
  <testcase classname="Tests.AdminLoginTest" name="fillJobDetails" time="10.183"/>
  <testcase classname="Tests.AchaajobTest" name="adminLoginTest" time="6.59"/>
  <testcase classname="Tests.AchaajobTest" name="superAdminLoginTest" time="2.609"/>
  <testcase classname="Tests.ResourcesTest" name="validateNavigationItems" time="0.142"/>
  <testcase classname="Tests.ResourcesTest" name="validateLoginButtonFunctionality" time="0.15"/>
  <testcase classname="Tests.Adminregistertest" name="testValidRegistration" time="2.715"/>
</testsuite> <!-- Test -->
