<?xml version="1.0" encoding="UTF-8"?>
<testng-results ignored="0" total="8" passed="8" failed="0" skipped="0">
  <reporter-output>
  </reporter-output>
  <suite started-at="2025-01-02T13:56:56 IST" name="Suite" finished-at="2025-01-02T13:58:05 IST" duration-ms="69622">
    <groups>
    </groups>
    <test started-at="2025-01-02T13:56:56 IST" name="Test" finished-at="2025-01-02T13:58:05 IST" duration-ms="69622">
      <class name="Tests.Adminregistertest">
        <test-method is-config="true" signature="setUp()[pri:0, instance:Tests.Adminregistertest@5656be13]" started-at="2025-01-02T13:57:57 IST" name="setUp" finished-at="2025-01-02T13:58:02 IST" duration-ms="5022" status="PASS">
          <reporter-output>
          </reporter-output>
        </test-method> <!-- setUp -->
        <test-method signature="testValidRegistration()[pri:0, instance:Tests.Adminregistertest@5656be13]" started-at="2025-01-02T13:58:02 IST" name="testValidRegistration" finished-at="2025-01-02T13:58:05 IST" duration-ms="2715" status="PASS">
          <reporter-output>
          </reporter-output>
        </test-method> <!-- testValidRegistration -->
        <test-method is-config="true" signature="tearDown()[pri:0, instance:Tests.Adminregistertest@5656be13]" started-at="2025-01-02T13:58:05 IST" name="tearDown" finished-at="2025-01-02T13:58:05 IST" duration-ms="324" status="PASS">
          <reporter-output>
          </reporter-output>
        </test-method> <!-- tearDown -->
      </class> <!-- Tests.Adminregistertest -->
      <class name="Tests.AdminLoginTest">
        <test-method is-config="true" signature="setUp()[pri:0, instance:Tests.AdminLoginTest@1bd4fdd]" started-at="2025-01-02T13:56:56 IST" name="setUp" finished-at="2025-01-02T13:56:57 IST" duration-ms="1591" status="PASS">
          <reporter-output>
          </reporter-output>
        </test-method> <!-- setUp -->
        <test-method signature="adminLogin()[pri:1, instance:Tests.AdminLoginTest@1bd4fdd]" started-at="2025-01-02T13:56:57 IST" name="adminLogin" finished-at="2025-01-02T13:57:03 IST" duration-ms="5729" status="PASS">
          <reporter-output>
          </reporter-output>
        </test-method> <!-- adminLogin -->
        <test-method signature="navigateToJobsPage()[pri:2, instance:Tests.AdminLoginTest@1bd4fdd]" started-at="2025-01-02T13:57:03 IST" name="navigateToJobsPage" finished-at="2025-01-02T13:57:03 IST" depends-on-methods="Tests.AdminLoginTest.adminLogin" duration-ms="189" status="PASS">
          <reporter-output>
          </reporter-output>
        </test-method> <!-- navigateToJobsPage -->
        <test-method signature="fillJobDetails()[pri:3, instance:Tests.AdminLoginTest@1bd4fdd]" started-at="2025-01-02T13:57:03 IST" name="fillJobDetails" finished-at="2025-01-02T13:57:13 IST" depends-on-methods="Tests.AdminLoginTest.navigateToJobsPage" duration-ms="10183" status="PASS">
          <reporter-output>
          </reporter-output>
        </test-method> <!-- fillJobDetails -->
        <test-method is-config="true" signature="tearDown()[pri:0, instance:Tests.AdminLoginTest@1bd4fdd]" started-at="2025-01-02T13:57:13 IST" name="tearDown" finished-at="2025-01-02T13:57:14 IST" duration-ms="402" status="PASS">
          <reporter-output>
          </reporter-output>
        </test-method> <!-- tearDown -->
      </class> <!-- Tests.AdminLoginTest -->
      <class name="Tests.AchaajobTest">
        <test-method is-config="true" signature="setUp()[pri:0, instance:Tests.AchaajobTest@74f0ea28]" started-at="2025-01-02T13:57:14 IST" name="setUp" finished-at="2025-01-02T13:57:24 IST" duration-ms="9934" status="PASS">
          <reporter-output>
          </reporter-output>
        </test-method> <!-- setUp -->
        <test-method signature="adminLoginTest()[pri:4, instance:Tests.AchaajobTest@74f0ea28]" started-at="2025-01-02T13:57:24 IST" name="adminLoginTest" finished-at="2025-01-02T13:57:30 IST" duration-ms="6590" status="PASS">
          <reporter-output>
          </reporter-output>
        </test-method> <!-- adminLoginTest -->
        <test-method is-config="true" signature="tearDown()[pri:0, instance:Tests.AchaajobTest@74f0ea28]" started-at="2025-01-02T13:57:30 IST" name="tearDown" finished-at="2025-01-02T13:57:31 IST" duration-ms="357" status="PASS">
          <reporter-output>
          </reporter-output>
        </test-method> <!-- tearDown -->
        <test-method is-config="true" signature="setUp()[pri:0, instance:Tests.AchaajobTest@74f0ea28]" started-at="2025-01-02T13:57:31 IST" name="setUp" finished-at="2025-01-02T13:57:38 IST" duration-ms="7534" status="PASS">
          <reporter-output>
          </reporter-output>
        </test-method> <!-- setUp -->
        <test-method signature="superAdminLoginTest()[pri:5, instance:Tests.AchaajobTest@74f0ea28]" started-at="2025-01-02T13:57:38 IST" name="superAdminLoginTest" finished-at="2025-01-02T13:57:41 IST" duration-ms="2609" status="PASS">
          <reporter-output>
          </reporter-output>
        </test-method> <!-- superAdminLoginTest -->
        <test-method is-config="true" signature="tearDown()[pri:0, instance:Tests.AchaajobTest@74f0ea28]" started-at="2025-01-02T13:57:41 IST" name="tearDown" finished-at="2025-01-02T13:57:41 IST" duration-ms="352" status="PASS">
          <reporter-output>
          </reporter-output>
        </test-method> <!-- tearDown -->
      </class> <!-- Tests.AchaajobTest -->
      <class name="Tests.ResourcesTest">
        <test-method is-config="true" signature="setUp()[pri:0, instance:Tests.ResourcesTest@235834f2]" started-at="2025-01-02T13:57:41 IST" name="setUp" finished-at="2025-01-02T13:57:57 IST" duration-ms="15424" status="PASS">
          <reporter-output>
          </reporter-output>
        </test-method> <!-- setUp -->
        <test-method signature="validateNavigationItems()[pri:1, instance:Tests.ResourcesTest@235834f2]" started-at="2025-01-02T13:57:57 IST" name="validateNavigationItems" finished-at="2025-01-02T13:57:57 IST" duration-ms="142" status="PASS">
          <reporter-output>
          </reporter-output>
        </test-method> <!-- validateNavigationItems -->
        <test-method signature="validateLoginButtonFunctionality()[pri:2, instance:Tests.ResourcesTest@235834f2]" started-at="2025-01-02T13:57:57 IST" name="validateLoginButtonFunctionality" finished-at="2025-01-02T13:57:57 IST" duration-ms="150" status="PASS">
          <reporter-output>
          </reporter-output>
        </test-method> <!-- validateLoginButtonFunctionality -->
        <test-method is-config="true" signature="tearDown()[pri:0, instance:Tests.ResourcesTest@235834f2]" started-at="2025-01-02T13:57:57 IST" name="tearDown" finished-at="2025-01-02T13:57:57 IST" duration-ms="292" status="PASS">
          <reporter-output>
          </reporter-output>
        </test-method> <!-- tearDown -->
      </class> <!-- Tests.ResourcesTest -->
    </test> <!-- Test -->
  </suite> <!-- Suite -->
</testng-results>
